<?xml version="1.0" encoding="UTF-8"?>
<!-- Generated by org.testng.reporters.JUnitReportReporter -->
<testsuite hostname="DESKTOP-TS790HE" failures="0" tests="1" name="alterrio_retro_project.Tc_04_sales_and_inventory" time="3.237" errors="0" timestamp="2022-09-16T17:03:58 IST" skipped="0">
  <testcase classname="alterrio_retro_project.Tc_04_sales_and_inventory" name="main" time="3.237"/>
  <system-out/>
</testsuite> <!-- alterrio_retro_project.Tc_04_sales_and_inventory -->
