<?xml version="1.0" encoding="UTF-8"?>
<!-- Generated by org.testng.reporters.JUnitReportReporter -->
<testsuite hostname="DESKTOP-TS790HE" name="alterrio_retro_project.Tc_04_sales_and_inventory_Test" tests="1" failures="0" timestamp="19 Sep 2022 11:47:53 GMT" time="3.139" errors="0">
  <testcase name="main" time="3.139" classname="alterrio_retro_project.Tc_04_sales_and_inventory_Test"/>
</testsuite> <!-- alterrio_retro_project.Tc_04_sales_and_inventory_Test -->
